---------------------------------------
Resource Usage Report for top 

Mapping to part: ice40hx1kvq100
Cell usage:
SB_CARRY        33 uses
SB_DFF          33 uses
SB_DFFE         17 uses
SB_DFFESR       1 use
SB_DFFSR        5 uses
SB_LUT4         71 uses

I/O ports: 4
I/O primitives: 4
SB_GB_IO       1 use
SB_IO          3 uses

I/O Register bits:                  0
Register bits not including I/Os:   56 (4%)

@S |Mapping Summary:
Total  LUTs: 71 (5%)

Distribution of All Consumed LUTs = LUT4 
Distribution of All Consumed Luts 71 = 71 

