Running in Lattice mode


Starting:    C:\lscc\iCEcube2.2020.12\synpbase\bin64\mbin\synbatch.exe
Install:     C:\lscc\iCEcube2.2020.12\synpbase
Hostname:    DESKTOP-MCV12E2
Date:        Tue Jul 13 15:21:23 2021
Version:     L-2016.09L+ice40

Arguments:   -product synplify_pro -batch garland_project_syn.prj
ProductType: synplify_pro





log file: "D:\projects\FPGA\ksenia\start_led_project\garland\garland_project\garland_project_Implmnt\garland_project.srr"
Running: garland_project_Implmnt in foreground

Running garland_project_syn|garland_project_Implmnt

Running: compile (Compile) on garland_project_syn|garland_project_Implmnt
# Tue Jul 13 15:21:23 2021

Running: compile_flow (Compile Process) on garland_project_syn|garland_project_Implmnt
# Tue Jul 13 15:21:23 2021

Running: compiler (Compile Input) on garland_project_syn|garland_project_Implmnt
# Tue Jul 13 15:21:23 2021
Copied D:\projects\FPGA\ksenia\start_led_project\garland\garland_project\garland_project_Implmnt\synwork\garland_project_comp.srs to D:\projects\FPGA\ksenia\start_led_project\garland\garland_project\garland_project_Implmnt\garland_project.srs

compiler completed
# Tue Jul 13 15:21:24 2021

Return Code: 0
Run Time:00h:00m:01s

Running: multi_srs_gen (Multi-srs Generator) on garland_project_syn|garland_project_Implmnt
# Tue Jul 13 15:21:24 2021

multi_srs_gen completed
# Tue Jul 13 15:21:24 2021

Return Code: 0
Run Time:00h:00m:00s
Copied D:\projects\FPGA\ksenia\start_led_project\garland\garland_project\garland_project_Implmnt\synwork\garland_project_mult.srs to D:\projects\FPGA\ksenia\start_led_project\garland\garland_project\garland_project_Implmnt\garland_project.srs
Complete: Compile Process on garland_project_syn|garland_project_Implmnt

Running: premap (Pre-mapping) on garland_project_syn|garland_project_Implmnt
# Tue Jul 13 15:21:24 2021

premap completed with warnings
# Tue Jul 13 15:21:25 2021

Return Code: 1
Run Time:00h:00m:01s
Complete: Compile on garland_project_syn|garland_project_Implmnt

Running: map (Map) on garland_project_syn|garland_project_Implmnt
# Tue Jul 13 15:21:25 2021
License granted for 4 parallel jobs

Running: fpga_mapper (Map & Optimize) on garland_project_syn|garland_project_Implmnt
# Tue Jul 13 15:21:25 2021
Copied D:\projects\FPGA\ksenia\start_led_project\garland\garland_project\garland_project_Implmnt\synwork\garland_project_m.srm to D:\projects\FPGA\ksenia\start_led_project\garland\garland_project\garland_project_Implmnt\garland_project.srm

fpga_mapper completed with warnings
# Tue Jul 13 15:21:26 2021

Return Code: 1
Run Time:00h:00m:01s
Complete: Map on garland_project_syn|garland_project_Implmnt
Complete: Logic Synthesis on garland_project_syn|garland_project_Implmnt

exit status=0

exit status=0

