* ******************************************************************************

* iCEcube Report

* Version:            2020.12.27943

* Build Date:         Dec  9 2020 17:31:51

* File Generated:     Jul 13 2021 15:59:22

* Purpose:            General info of design implementation

* Copyright (C) 2006-2010 by Lattice Semiconductor Corp. All rights reserved.

* ******************************************************************************

Synthesis/Placement Summary:
----------------------------
    Status:  Successful
    Runtime: 0 seconds

Device Info:
------------
    Device Family: iCE40
    Device:        iCE40HX1K
    Package:       VQ100

Design statistics:
------------------
    FFs:                  13
    LUTs:                 14
    RAMs:                 0
    IOBs:                 2
    GBs:                  1
    PLLs:                 0
    Warm Boots:           0

Logic Resource Utilization:
---------------------------
    Total Logic Cells: 25/1280
        Combinational Logic Cells: 12       out of   1280      0.9375%
        Sequential Logic Cells:    13       out of   1280      1.01563%
        Logic Tiles:               6        out of   160       3.75%
    Registers: 
        Logic Registers:           13       out of   1280      1.01563%
        IO Registers:              0        out of   560       0
    Block RAMs:                    0        out of   16        0%
    Warm Boots:                    0        out of   1         0%
    Pins:
        Input Pins:                1        out of   72        1.38889%
        Output Pins:               1        out of   72        1.38889%
        InOut Pins:                0        out of   72        0%
    Global Buffers:                1        out of   8         12.5%
    PLLs:                          0        out of   0       

IO Bank Utilization:
--------------------
    Bank 3: 2        out of   18        11.1111%
    Bank 1: 0        out of   19        0%
    Bank 0: 0        out of   19        0%
    Bank 2: 0        out of   16        0%

Detailed I/O Info:
------------------
    Input Pins: 
    Pin Number  Direction  IO Standard  Pull Up  IO Bank  IO Function    Signal Name
    ----------  ---------  -----------  -------  -------  -----------    -----------
    15          Input      SB_LVCMOS    No       3        Simple Input   CLK    

    Output Pins: 
    Pin Number  Direction  IO Standard  Pull Up  IO Bank  IO Function    Signal Name
    ----------  ---------  -----------  -------  -------  -----------    -----------
    1           Output     SB_LVCMOS    No       3        Simple Output  PORT1  

Detailed Global Buffer Info:
----------------------------
    Buffer Number  IO Bank  Driven By  Fanout  Signal Name
    -------------  -------  ---------  ------  -----------
    1              3        IO         13      CLK_0_c_g  


Router Summary:
---------------
    Status:  Successful
    Runtime: 1 seconds

Routing Resource Utilization:
-----------------------------
              Local line of tile      111 out of  28666      0.387218%
                          Span 4        2 out of   6944      0.0288018%
                  Global network        1 out of      8      12.5%
      Vertical Inter-LUT Connect        0 out of   1120      0%

