* ******************************************************************************

* iCEcube Packer

* Version:            2020.12.27943

* Build Date:         Dec  9 2020 17:31:51

* File Generated:     Jul 13 2021 15:22:45

* Purpose:            General info of design implementation

* Copyright (C) 2006-2010 by Lattice Semiconductor Corp. All rights reserved.

* ******************************************************************************

Command Line: C:\lscc\iCEcube2.2020.12\sbt_backend\bin\win32\opt\packer.exe  C:\lscc\iCEcube2.2020.12\sbt_backend\devices\ICE40P01.dev  D:/projects/FPGA/ksenia/start_led_project/garland/garland_project/garland_project_Implmnt\sbt\netlist\oadb-top  --package  VQ100  --outdir  D:/projects/FPGA/ksenia/start_led_project/garland/garland_project/garland_project_Implmnt\sbt\outputs\packer  --translator  C:\lscc\iCEcube2.2020.12\sbt_backend\bin\sdc_translator.tcl  --src_sdc_file  D:/projects/FPGA/ksenia/start_led_project/garland/garland_project/garland_project_Implmnt\sbt\outputs\placer\top_pl.sdc  --dst_sdc_file  D:/projects/FPGA/ksenia/start_led_project/garland/garland_project/garland_project_Implmnt\sbt\outputs\packer\top_pk.sdc  --devicename  iCE40HX1K  

***** Device Info *****
Chip: iCE40HX1K
Package: VQ100
Size: 12 X 16

***** Design Utilization Info *****
Design: top
Used Logic Cell: 80/1280
Used Logic Tile: 13/160
Used IO Cell:    9/112
Used Bram Cell For iCE40: 0/16
Used PLL For iCE40: 0/0
Ram Cascading Used: 0
Lut Cascading Used: 1

***** Clock Info *****
Clock Domain: CLK_0_c_g
Clock Source: clk 
Clock Driver: CLK_ibuf_gb_io (ICE_GB_IO)
Driver Position: (0, 8, 1)
Fanout to FF: 35
Fanout to Tile: 8


***** Placement Info *****
Logic cell utilization per tile
    . . . . + . . . . 1 . . . . 
   ----------------------------
17|                             
16|   0 0 0 0 0 0 0 0 0 0 0 0   
15|   0 0 0 0 0 0 0 0 0 0 0 0   
14|   0 0 0 0 0 0 0 0 0 0 0 0   
13|   0 0 0 0 0 0 0 0 0 0 0 0   
12|   0 0 0 0 0 0 0 0 0 0 0 0   
11|   0 2 0 0 0 0 0 0 0 0 0 0   
10|   4 8 0 0 0 0 0 0 0 0 0 0   
 9|   8 8 0 0 0 0 0 0 0 0 0 0   
 8|   8 3 0 0 0 0 0 0 0 0 0 0   
 7|   7 8 0 0 0 0 0 0 0 0 0 0   
 6|   8 7 0 0 0 0 0 0 0 0 0 0   
 5|   4 5 0 0 0 0 0 0 0 0 0 0   
 4|   0 0 0 0 0 0 0 0 0 0 0 0   
 3|   0 0 0 0 0 0 0 0 0 0 0 0   
 2|   0 0 0 0 0 0 0 0 0 0 0 0   
 1|   0 0 0 0 0 0 0 0 0 0 0 0   
 0|                             

Maximum number of Logic cells per logic tile: 8
Average number of Logic cells per logic tile: 6.15

***** Input Pin Density Info *****
Number of input nets per logic tile
     .  .  .  .  +  .  .  .  .  1  .  .  .  . 
   ------------------------------------------
17|                                           
16|     0  0  0  0  0  0  0  0  0  0  0  0    
15|     0  0  0  0  0  0  0  0  0  0  0  0    
14|     0  0  0  0  0  0  0  0  0  0  0  0    
13|     0  0  0  0  0  0  0  0  0  0  0  0    
12|     0  0  0  0  0  0  0  0  0  0  0  0    
11|     0  4  0  0  0  0  0  0  0  0  0  0    
10|     5 16  0  0  0  0  0  0  0  0  0  0    
 9|     8 16  0  0  0  0  0  0  0  0  0  0    
 8|     9 10  0  0  0  0  0  0  0  0  0  0    
 7|    16 17  0  0  0  0  0  0  0  0  0  0    
 6|    18 14  0  0  0  0  0  0  0  0  0  0    
 5|     8  9  0  0  0  0  0  0  0  0  0  0    
 4|     0  0  0  0  0  0  0  0  0  0  0  0    
 3|     0  0  0  0  0  0  0  0  0  0  0  0    
 2|     0  0  0  0  0  0  0  0  0  0  0  0    
 1|     0  0  0  0  0  0  0  0  0  0  0  0    
 0|                                           

Maximum number of input nets per logic tile: 18
Average number of input nets per logic tile: 11.54

Number of input pins per logic tile
     .  .  .  .  +  .  .  .  .  1  .  .  .  . 
   ------------------------------------------
17|                                           
16|     0  0  0  0  0  0  0  0  0  0  0  0    
15|     0  0  0  0  0  0  0  0  0  0  0  0    
14|     0  0  0  0  0  0  0  0  0  0  0  0    
13|     0  0  0  0  0  0  0  0  0  0  0  0    
12|     0  0  0  0  0  0  0  0  0  0  0  0    
11|     0  4  0  0  0  0  0  0  0  0  0  0    
10|     5 16  0  0  0  0  0  0  0  0  0  0    
 9|     8 16  0  0  0  0  0  0  0  0  0  0    
 8|     9 12  0  0  0  0  0  0  0  0  0  0    
 7|    26 26  0  0  0  0  0  0  0  0  0  0    
 6|    30 14  0  0  0  0  0  0  0  0  0  0    
 5|    13 15  0  0  0  0  0  0  0  0  0  0    
 4|     0  0  0  0  0  0  0  0  0  0  0  0    
 3|     0  0  0  0  0  0  0  0  0  0  0  0    
 2|     0  0  0  0  0  0  0  0  0  0  0  0    
 1|     0  0  0  0  0  0  0  0  0  0  0  0    
 0|                                           

Maximum number of input pins per logic tile: 30
Average number of input pins per logic tile: 14.92

***** Run Time Info *****
Run Time:  0
